# JRE version: OpenJDK Runtime Environment Temurin-20.0.2+9 (20.0.2+9) (build 20.0.2+9)
# Java VM: OpenJDK 64-Bit Server VM Temurin-20.0.2+9 (20.0.2+9, mixed mode, emulated-client, tiered, compressed oops, compressed class ptrs, g1 gc, windows-amd64)
GC Precious Log:
 CardTable entry size: 512
 Card Set container configuration: InlinePtr #cards 5 size 8 Array Of Cards #cards 12 size 40 Howl #buckets 4 coarsen threshold 1843 Howl Bitmap #cards 512 size 80 coarsen threshold 460 Card regions per heap region 1 cards per card region 2048
 CPUs: 12 total, 12 available
 Memory: 7860M
 Large Page Support: Disabled
 NUMA Support: Disabled
 Compressed Oops: Enabled (32-bit)
 Heap Region Size: 1M
 Heap Min Capacity: 8M
 Heap Initial Capacity: 124M
 Heap Max Capacity: 1G
 Pre-touch: Disabled
 Parallel Workers: 10
 Concurrent Workers: 3
 Concurrent Refinement Workers: 10
 Periodic GC: Disabled
Heap:
 garbage-first heap   total 176128K, used 92718K [0x00000000c0000000, 0x0000000100000000)
  region size 1024K, 6 young (6144K), 6 survivors (6144K)
 Metaspace       used 46751K, committed 47360K, reserved 1114112K
  class space    used 5686K, committed 5952K, reserved 1048576K
GC Heap History (20 events):
Event: 2.768 GC heap after
{Heap after GC invocations=11 (full 0):
 garbage-first heap   total 76800K, used 35036K [0x00000000c0000000, 0x0000000100000000)
  region size 1024K, 4 young (4096K), 4 survivors (4096K)
 Metaspace       used 42016K, committed 42624K, reserved 1114112K
  class space    used 5176K, committed 5440K, reserved 1048576K
}
Event: 2.924 GC heap before
{Heap before GC invocations=11 (full 0):
 garbage-first heap   total 76800K, used 60636K [0x00000000c0000000, 0x0000000100000000)
  region size 1024K, 30 young (30720K), 4 survivors (4096K)
 Metaspace       used 42578K, committed 43200K, reserved 1114112K
  class space    used 5272K, committed 5568K, reserved 1048576K
}
Event: 2.929 GC heap after
{Heap after GC invocations=12 (full 0):
 garbage-first heap   total 76800K, used 39416K [0x00000000c0000000, 0x0000000100000000)
  region size 1024K, 4 young (4096K), 4 survivors (4096K)
 Metaspace       used 42578K, committed 43200K, reserved 1114112K
  class space    used 5272K, committed 5568K, reserved 1048576K
}
Event: 3.007 GC heap before
{Heap before GC invocations=12 (full 0):
 garbage-first heap   total 76800K, used 61944K [0x00000000c0000000, 0x0000000100000000)
  region size 1024K, 27 young (27648K), 4 survivors (4096K)
 Metaspace       used 43157K, committed 43840K, reserved 1114112K
  class space    used 5324K, committed 5632K, reserved 1048576K
}
Event: 3.011 GC heap after
{Heap after GC invocations=13 (full 0):
 garbage-first heap   total 76800K, used 43149K [0x00000000c0000000, 0x0000000100000000)
  region size 1024K, 4 young (4096K), 4 survivors (4096K)
 Metaspace       used 43157K, committed 43840K, reserved 1114112K
  class space    used 5324K, committed 5632K, reserved 1048576K
}
Event: 3.103 GC heap before
{Heap before GC invocations=14 (full 0):
 garbage-first heap   total 87040K, used 63629K [0x00000000c0000000, 0x0000000100000000)
  region size 1024K, 25 young (25600K), 4 survivors (4096K)
 Metaspace       used 43561K, committed 44288K, reserved 1114112K
  class space    used 5366K, committed 5696K, reserved 1048576K
}
Event: 3.107 GC heap after
{Heap after GC invocations=15 (full 0):
 garbage-first heap   total 87040K, used 46076K [0x00000000c0000000, 0x0000000100000000)
  region size 1024K, 3 young (3072K), 3 survivors (3072K)
 Metaspace       used 43561K, committed 44288K, reserved 1114112K
  class space    used 5366K, committed 5696K, reserved 1048576K
}
Event: 3.148 GC heap before
{Heap before GC invocations=15 (full 0):
 garbage-first heap   total 87040K, used 74748K [0x00000000c0000000, 0x0000000100000000)
  region size 1024K, 31 young (31744K), 3 survivors (3072K)
 Metaspace       used 43897K, committed 44608K, reserved 1114112K
  class space    used 5402K, committed 5696K, reserved 1048576K
}
Event: 3.154 GC heap after
{Heap after GC invocations=16 (full 0):
 garbage-first heap   total 88064K, used 53377K [0x00000000c0000000, 0x0000000100000000)
  region size 1024K, 4 young (4096K), 4 survivors (4096K)
 Metaspace       used 43897K, committed 44608K, reserved 1114112K
  class space    used 5402K, committed 5696K, reserved 1048576K
}
Event: 3.200 GC heap before
{Heap before GC invocations=16 (full 0):
 garbage-first heap   total 88064K, used 72833K [0x00000000c0000000, 0x0000000100000000)
  region size 1024K, 24 young (24576K), 4 survivors (4096K)
 Metaspace       used 44253K, committed 44928K, reserved 1114112K
  class space    used 5427K, committed 5760K, reserved 1048576K
}
Event: 3.205 GC heap after
{Heap after GC invocations=17 (full 0):
 garbage-first heap   total 176128K, used 56476K [0x00000000c0000000, 0x0000000100000000)
  region size 1024K, 3 young (3072K), 3 survivors (3072K)
 Metaspace       used 44253K, committed 44928K, reserved 1114112K
  class space    used 5427K, committed 5760K, reserved 1048576K
}
Event: 3.470 GC heap before
{Heap before GC invocations=18 (full 0):
 garbage-first heap   total 176128K, used 142492K [0x00000000c0000000, 0x0000000100000000)
  region size 1024K, 86 young (88064K), 3 survivors (3072K)
 Metaspace       used 46285K, committed 46976K, reserved 1114112K
  class space    used 5611K, committed 5952K, reserved 1048576K
}
Event: 3.525 GC heap after
{Heap after GC invocations=19 (full 0):
 garbage-first heap   total 176128K, used 82379K [0x00000000c0000000, 0x0000000100000000)
  region size 1024K, 11 young (11264K), 11 survivors (11264K)
 Metaspace       used 46285K, committed 46976K, reserved 1114112K
  class space    used 5611K, committed 5952K, reserved 1048576K
}
Event: 3.554 GC heap before
{Heap before GC invocations=19 (full 0):
 garbage-first heap   total 176128K, used 130507K [0x00000000c0000000, 0x0000000100000000)
  region size 1024K, 59 young (60416K), 11 survivors (11264K)
 Metaspace       used 46326K, committed 47040K, reserved 1114112K
  class space    used 5616K, committed 5952K, reserved 1048576K
}
Event: 3.561 GC heap after
{Heap after GC invocations=20 (full 0):
 garbage-first heap   total 176128K, used 85871K [0x00000000c0000000, 0x0000000100000000)
  region size 1024K, 3 young (3072K), 3 survivors (3072K)
 Metaspace       used 46326K, committed 47040K, reserved 1114112K
  class space    used 5616K, committed 5952K, reserved 1048576K
}
Event: 3.578 GC heap before
{Heap before GC invocations=20 (full 0):
 garbage-first heap   total 176128K, used 138095K [0x00000000c0000000, 0x0000000100000000)
  region size 1024K, 55 young (56320K), 3 survivors (3072K)
 Metaspace       used 46378K, committed 47104K, reserved 1114112K
  class space    used 5628K, committed 5952K, reserved 1048576K
}
Event: 3.582 GC heap after
{Heap after GC invocations=21 (full 0):
 garbage-first heap   total 176128K, used 87595K [0x00000000c0000000, 0x0000000100000000)
  region size 1024K, 5 young (5120K), 5 survivors (5120K)
 Metaspace       used 46378K, committed 47104K, reserved 1114112K
  class space    used 5628K, committed 5952K, reserved 1048576K
}
Event: 3.609 GC heap before
{Heap before GC invocations=21 (full 0):
 garbage-first heap   total 176128K, used 143915K [0x00000000c0000000, 0x0000000100000000)
  region size 1024K, 61 young (62464K), 5 survivors (5120K)
 Metaspace       used 46634K, committed 47296K, reserved 1114112K
  class space    used 5668K, committed 5952K, reserved 1048576K
}
Event: 3.613 GC heap after
{Heap after GC invocations=22 (full 0):
 garbage-first heap   total 176128K, used 89972K [0x00000000c0000000, 0x0000000100000000)
  region size 1024K, 5 young (5120K), 5 survivors (5120K)
 Metaspace       used 46634K, committed 47296K, reserved 1114112K
  class space    used 5668K, committed 5952K, reserved 1048576K
}
Event: 3.638 GC heap before
{Heap before GC invocations=22 (full 0):
 garbage-first heap   total 176128K, used 147316K [0x00000000c0000000, 0x0000000100000000)
  region size 1024K, 62 young (63488K), 5 survivors (5120K)
 Metaspace       used 46751K, committed 47360K, reserved 1114112K
  class space    used 5686K, committed 5952K, reserved 1048576K
}

