# JRE version: OpenJDK Runtime Environment Temurin-20.0.2+9 (20.0.2+9) (build 20.0.2+9)
# Java VM: OpenJDK 64-Bit Server VM Temurin-20.0.2+9 (20.0.2+9, mixed mode, emulated-client, tiered, compressed oops, compressed class ptrs, g1 gc, windows-amd64)
GC Precious Log:
 CardTable entry size: 512
 Card Set container configuration: InlinePtr #cards 5 size 8 Array Of Cards #cards 12 size 40 Howl #buckets 4 coarsen threshold 1843 Howl Bitmap #cards 512 size 80 coarsen threshold 460 Card regions per heap region 1 cards per card region 2048
 CPUs: 12 total, 12 available
 Memory: 7860M
 Large Page Support: Disabled
 NUMA Support: Disabled
 Compressed Oops: Enabled (32-bit)
 Heap Region Size: 1M
 Heap Min Capacity: 8M
 Heap Initial Capacity: 124M
 Heap Max Capacity: 1G
 Pre-touch: Disabled
 Parallel Workers: 10
 Concurrent Workers: 3
 Concurrent Refinement Workers: 10
 Periodic GC: Disabled
Heap:
 garbage-first heap   total 126976K, used 79664K [0x00000000c0000000, 0x0000000100000000)
  region size 1024K, 3 young (3072K), 3 survivors (3072K)
 Metaspace       used 42220K, committed 42816K, reserved 1114112K
  class space    used 5200K, committed 5504K, reserved 1048576K
GC Heap History (20 events):
Event: 3.119 GC heap after
{Heap after GC invocations=9 (full 0):
 garbage-first heap   total 71680K, used 23434K [0x00000000c0000000, 0x0000000100000000)
  region size 1024K, 4 young (4096K), 4 survivors (4096K)
 Metaspace       used 40702K, committed 41216K, reserved 1114112K
  class space    used 4964K, committed 5184K, reserved 1048576K
}
Event: 3.279 GC heap before
{Heap before GC invocations=9 (full 0):
 garbage-first heap   total 71680K, used 56202K [0x00000000c0000000, 0x0000000100000000)
  region size 1024K, 37 young (37888K), 4 survivors (4096K)
 Metaspace       used 41966K, committed 42560K, reserved 1114112K
  class space    used 5164K, committed 5376K, reserved 1048576K
}
Event: 3.288 GC heap after
{Heap after GC invocations=10 (full 0):
 garbage-first heap   total 71680K, used 29521K [0x00000000c0000000, 0x0000000100000000)
  region size 1024K, 5 young (5120K), 5 survivors (5120K)
 Metaspace       used 41966K, committed 42560K, reserved 1114112K
  class space    used 5164K, committed 5376K, reserved 1048576K
}
Event: 3.375 GC heap before
{Heap before GC invocations=10 (full 0):
 garbage-first heap   total 71680K, used 57169K [0x00000000c0000000, 0x0000000100000000)
  region size 1024K, 33 young (33792K), 5 survivors (5120K)
 Metaspace       used 42039K, committed 42624K, reserved 1114112K
  class space    used 5176K, committed 5440K, reserved 1048576K
}
Event: 3.381 GC heap after
{Heap after GC invocations=11 (full 0):
 garbage-first heap   total 71680K, used 35537K [0x00000000c0000000, 0x0000000100000000)
  region size 1024K, 5 young (5120K), 5 survivors (5120K)
 Metaspace       used 42039K, committed 42624K, reserved 1114112K
  class space    used 5176K, committed 5440K, reserved 1048576K
}
Event: 3.455 GC heap before
{Heap before GC invocations=11 (full 0):
 garbage-first heap   total 71680K, used 59089K [0x00000000c0000000, 0x0000000100000000)
  region size 1024K, 28 young (28672K), 5 survivors (5120K)
 Metaspace       used 42054K, committed 42688K, reserved 1114112K
  class space    used 5178K, committed 5504K, reserved 1048576K
}
Event: 3.459 GC heap after
{Heap after GC invocations=12 (full 0):
 garbage-first heap   total 71680K, used 39066K [0x00000000c0000000, 0x0000000100000000)
  region size 1024K, 4 young (4096K), 4 survivors (4096K)
 Metaspace       used 42054K, committed 42688K, reserved 1114112K
  class space    used 5178K, committed 5504K, reserved 1048576K
}
Event: 3.500 GC heap before
{Heap before GC invocations=12 (full 0):
 garbage-first heap   total 71680K, used 59546K [0x00000000c0000000, 0x0000000100000000)
  region size 1024K, 24 young (24576K), 4 survivors (4096K)
 Metaspace       used 42057K, committed 42688K, reserved 1114112K
  class space    used 5178K, committed 5504K, reserved 1048576K
}
Event: 3.504 GC heap after
{Heap after GC invocations=13 (full 0):
 garbage-first heap   total 71680K, used 42776K [0x00000000c0000000, 0x0000000100000000)
  region size 1024K, 3 young (3072K), 3 survivors (3072K)
 Metaspace       used 42057K, committed 42688K, reserved 1114112K
  class space    used 5178K, committed 5504K, reserved 1048576K
}
Event: 3.542 GC heap before
{Heap before GC invocations=14 (full 0):
 garbage-first heap   total 86016K, used 61208K [0x00000000c0000000, 0x0000000100000000)
  region size 1024K, 21 young (21504K), 3 survivors (3072K)
 Metaspace       used 42057K, committed 42688K, reserved 1114112K
  class space    used 5178K, committed 5504K, reserved 1048576K
}
Event: 3.548 GC heap after
{Heap after GC invocations=15 (full 0):
 garbage-first heap   total 126976K, used 48902K [0x00000000c0000000, 0x0000000100000000)
  region size 1024K, 3 young (3072K), 3 survivors (3072K)
 Metaspace       used 42057K, committed 42688K, reserved 1114112K
  class space    used 5178K, committed 5504K, reserved 1048576K
}
Event: 3.670 GC heap before
{Heap before GC invocations=15 (full 0):
 garbage-first heap   total 126976K, used 100102K [0x00000000c0000000, 0x0000000100000000)
  region size 1024K, 54 young (55296K), 3 survivors (3072K)
 Metaspace       used 42057K, committed 42688K, reserved 1114112K
  class space    used 5178K, committed 5504K, reserved 1048576K
}
Event: 3.677 GC heap after
{Heap after GC invocations=16 (full 0):
 garbage-first heap   total 126976K, used 57445K [0x00000000c0000000, 0x0000000100000000)
  region size 1024K, 7 young (7168K), 7 survivors (7168K)
 Metaspace       used 42057K, committed 42688K, reserved 1114112K
  class space    used 5178K, committed 5504K, reserved 1048576K
}
Event: 3.688 GC heap before
{Heap before GC invocations=16 (full 0):
 garbage-first heap   total 126976K, used 61541K [0x00000000c0000000, 0x0000000100000000)
  region size 1024K, 12 young (12288K), 7 survivors (7168K)
 Metaspace       used 42057K, committed 42688K, reserved 1114112K
  class space    used 5178K, committed 5504K, reserved 1048576K
}
Event: 3.693 GC heap after
{Heap after GC invocations=17 (full 0):
 garbage-first heap   total 126976K, used 60027K [0x00000000c0000000, 0x0000000100000000)
  region size 1024K, 2 young (2048K), 2 survivors (2048K)
 Metaspace       used 42057K, committed 42688K, reserved 1114112K
  class space    used 5178K, committed 5504K, reserved 1048576K
}
Event: 3.785 GC heap before
{Heap before GC invocations=18 (full 0):
 garbage-first heap   total 126976K, used 94843K [0x00000000c0000000, 0x0000000100000000)
  region size 1024K, 35 young (35840K), 2 survivors (2048K)
 Metaspace       used 42121K, committed 42752K, reserved 1114112K
  class space    used 5187K, committed 5504K, reserved 1048576K
}
Event: 3.816 GC heap after
{Heap after GC invocations=19 (full 0):
 garbage-first heap   total 126976K, used 77824K [0x00000000c0000000, 0x0000000100000000)
  region size 1024K, 5 young (5120K), 5 survivors (5120K)
 Metaspace       used 42121K, committed 42752K, reserved 1114112K
  class space    used 5187K, committed 5504K, reserved 1048576K
}
Event: 3.832 GC heap before
{Heap before GC invocations=19 (full 0):
 garbage-first heap   total 126976K, used 100352K [0x00000000c0000000, 0x0000000100000000)
  region size 1024K, 28 young (28672K), 5 survivors (5120K)
 Metaspace       used 42147K, committed 42752K, reserved 1114112K
  class space    used 5196K, committed 5504K, reserved 1048576K
}
Event: 3.836 GC heap after
{Heap after GC invocations=20 (full 0):
 garbage-first heap   total 126976K, used 78855K [0x00000000c0000000, 0x0000000100000000)
  region size 1024K, 2 young (2048K), 2 survivors (2048K)
 Metaspace       used 42147K, committed 42752K, reserved 1114112K
  class space    used 5196K, committed 5504K, reserved 1048576K
}
Event: 3.845 GC heap before
{Heap before GC invocations=20 (full 0):
 garbage-first heap   total 126976K, used 102407K [0x00000000c0000000, 0x0000000100000000)
  region size 1024K, 26 young (26624K), 2 survivors (2048K)
 Metaspace       used 42220K, committed 42816K, reserved 1114112K
  class space    used 5200K, committed 5504K, reserved 1048576K
}

