# JRE version: OpenJDK Runtime Environment Temurin-20.0.2+9 (20.0.2+9) (build 20.0.2+9)
# Java VM: OpenJDK 64-Bit Server VM Temurin-20.0.2+9 (20.0.2+9, mixed mode, emulated-client, tiered, compressed oops, compressed class ptrs, g1 gc, windows-amd64)
GC Precious Log:
 CardTable entry size: 512
 Card Set container configuration: InlinePtr #cards 5 size 8 Array Of Cards #cards 12 size 40 Howl #buckets 4 coarsen threshold 1843 Howl Bitmap #cards 512 size 80 coarsen threshold 460 Card regions per heap region 1 cards per card region 2048
 CPUs: 12 total, 12 available
 Memory: 7860M
 Large Page Support: Disabled
 NUMA Support: Disabled
 Compressed Oops: Enabled (32-bit)
 Heap Region Size: 1M
 Heap Min Capacity: 8M
 Heap Initial Capacity: 124M
 Heap Max Capacity: 1G
 Pre-touch: Disabled
 Parallel Workers: 10
 Concurrent Workers: 3
 Concurrent Refinement Workers: 10
 Periodic GC: Disabled
Heap:
 garbage-first heap   total 130048K, used 84288K [0x00000000c0000000, 0x0000000100000000)
  region size 1024K, 2 young (2048K), 2 survivors (2048K)
 Metaspace       used 45210K, committed 45888K, reserved 1114112K
  class space    used 5492K, committed 5824K, reserved 1048576K
GC Heap History (20 events):
Event: 2.534 GC heap after
{Heap after GC invocations=9 (full 0):
 garbage-first heap   total 71680K, used 22949K [0x00000000c0000000, 0x0000000100000000)
  region size 1024K, 3 young (3072K), 3 survivors (3072K)
 Metaspace       used 40858K, committed 41472K, reserved 1114112K
  class space    used 4978K, committed 5248K, reserved 1048576K
}
Event: 2.677 GC heap before
{Heap before GC invocations=9 (full 0):
 garbage-first heap   total 71680K, used 56741K [0x00000000c0000000, 0x0000000100000000)
  region size 1024K, 37 young (37888K), 3 survivors (3072K)
 Metaspace       used 42000K, committed 42624K, reserved 1114112K
  class space    used 5174K, committed 5440K, reserved 1048576K
}
Event: 2.684 GC heap after
{Heap after GC invocations=10 (full 0):
 garbage-first heap   total 71680K, used 29684K [0x00000000c0000000, 0x0000000100000000)
  region size 1024K, 5 young (5120K), 5 survivors (5120K)
 Metaspace       used 42000K, committed 42624K, reserved 1114112K
  class space    used 5174K, committed 5440K, reserved 1048576K
}
Event: 2.746 GC heap before
{Heap before GC invocations=10 (full 0):
 garbage-first heap   total 71680K, used 57332K [0x00000000c0000000, 0x0000000100000000)
  region size 1024K, 33 young (33792K), 5 survivors (5120K)
 Metaspace       used 42142K, committed 42752K, reserved 1114112K
  class space    used 5201K, committed 5440K, reserved 1048576K
}
Event: 2.751 GC heap after
{Heap after GC invocations=11 (full 0):
 garbage-first heap   total 71680K, used 36404K [0x00000000c0000000, 0x0000000100000000)
  region size 1024K, 5 young (5120K), 5 survivors (5120K)
 Metaspace       used 42142K, committed 42752K, reserved 1114112K
  class space    used 5201K, committed 5440K, reserved 1048576K
}
Event: 2.831 GC heap before
{Heap before GC invocations=11 (full 0):
 garbage-first heap   total 71680K, used 57908K [0x00000000c0000000, 0x0000000100000000)
  region size 1024K, 27 young (27648K), 5 survivors (5120K)
 Metaspace       used 42683K, committed 43392K, reserved 1114112K
  class space    used 5290K, committed 5632K, reserved 1048576K
}
Event: 2.837 GC heap after
{Heap after GC invocations=12 (full 0):
 garbage-first heap   total 71680K, used 40485K [0x00000000c0000000, 0x0000000100000000)
  region size 1024K, 4 young (4096K), 4 survivors (4096K)
 Metaspace       used 42683K, committed 43392K, reserved 1114112K
  class space    used 5290K, committed 5632K, reserved 1048576K
}
Event: 2.877 GC heap before
{Heap before GC invocations=12 (full 0):
 garbage-first heap   total 71680K, used 60965K [0x00000000c0000000, 0x0000000100000000)
  region size 1024K, 24 young (24576K), 4 survivors (4096K)
 Metaspace       used 43020K, committed 43712K, reserved 1114112K
  class space    used 5322K, committed 5632K, reserved 1048576K
}
Event: 2.881 GC heap after
{Heap after GC invocations=13 (full 0):
 garbage-first heap   total 108544K, used 43447K [0x00000000c0000000, 0x0000000100000000)
  region size 1024K, 3 young (3072K), 3 survivors (3072K)
 Metaspace       used 43020K, committed 43712K, reserved 1114112K
  class space    used 5322K, committed 5632K, reserved 1048576K
}
Event: 2.983 GC heap before
{Heap before GC invocations=14 (full 0):
 garbage-first heap   total 108544K, used 88503K [0x00000000c0000000, 0x0000000100000000)
  region size 1024K, 48 young (49152K), 3 survivors (3072K)
 Metaspace       used 43509K, committed 44224K, reserved 1114112K
  class space    used 5364K, committed 5696K, reserved 1048576K
}
Event: 2.989 GC heap after
{Heap after GC invocations=15 (full 0):
 garbage-first heap   total 108544K, used 54017K [0x00000000c0000000, 0x0000000100000000)
  region size 1024K, 6 young (6144K), 6 survivors (6144K)
 Metaspace       used 43509K, committed 44224K, reserved 1114112K
  class space    used 5364K, committed 5696K, reserved 1048576K
}
Event: 3.051 GC heap before
{Heap before GC invocations=15 (full 0):
 garbage-first heap   total 108544K, used 89857K [0x00000000c0000000, 0x0000000100000000)
  region size 1024K, 41 young (41984K), 6 survivors (6144K)
 Metaspace       used 44046K, committed 44800K, reserved 1114112K
  class space    used 5422K, committed 5760K, reserved 1048576K
}
Event: 3.058 GC heap after
{Heap after GC invocations=16 (full 0):
 garbage-first heap   total 108544K, used 57638K [0x00000000c0000000, 0x0000000100000000)
  region size 1024K, 5 young (5120K), 5 survivors (5120K)
 Metaspace       used 44046K, committed 44800K, reserved 1114112K
  class space    used 5422K, committed 5760K, reserved 1048576K
}
Event: 3.089 GC heap before
{Heap before GC invocations=16 (full 0):
 garbage-first heap   total 108544K, used 70950K [0x00000000c0000000, 0x0000000100000000)
  region size 1024K, 20 young (20480K), 5 survivors (5120K)
 Metaspace       used 44479K, committed 45184K, reserved 1114112K
  class space    used 5436K, committed 5760K, reserved 1048576K
}
Event: 3.094 GC heap after
{Heap after GC invocations=17 (full 0):
 garbage-first heap   total 108544K, used 62122K [0x00000000c0000000, 0x0000000100000000)
  region size 1024K, 5 young (5120K), 5 survivors (5120K)
 Metaspace       used 44479K, committed 45184K, reserved 1114112K
  class space    used 5436K, committed 5760K, reserved 1048576K
}
Event: 3.174 GC heap before
{Heap before GC invocations=18 (full 0):
 garbage-first heap   total 130048K, used 92842K [0x00000000c0000000, 0x0000000100000000)
  region size 1024K, 34 young (34816K), 5 survivors (5120K)
 Metaspace       used 45023K, committed 45696K, reserved 1114112K
  class space    used 5474K, committed 5760K, reserved 1048576K
}
Event: 3.185 GC heap after
{Heap after GC invocations=19 (full 0):
 garbage-first heap   total 130048K, used 78095K [0x00000000c0000000, 0x0000000100000000)
  region size 1024K, 5 young (5120K), 5 survivors (5120K)
 Metaspace       used 45023K, committed 45696K, reserved 1114112K
  class space    used 5474K, committed 5760K, reserved 1048576K
}
Event: 3.207 GC heap before
{Heap before GC invocations=19 (full 0):
 garbage-first heap   total 130048K, used 104719K [0x00000000c0000000, 0x0000000100000000)
  region size 1024K, 32 young (32768K), 5 survivors (5120K)
 Metaspace       used 45200K, committed 45888K, reserved 1114112K
  class space    used 5491K, committed 5824K, reserved 1048576K
}
Event: 3.222 GC heap after
{Heap after GC invocations=20 (full 0):
 garbage-first heap   total 130048K, used 82632K [0x00000000c0000000, 0x0000000100000000)
  region size 1024K, 4 young (4096K), 4 survivors (4096K)
 Metaspace       used 45200K, committed 45888K, reserved 1114112K
  class space    used 5491K, committed 5824K, reserved 1048576K
}
Event: 3.236 GC heap before
{Heap before GC invocations=20 (full 0):
 garbage-first heap   total 130048K, used 108232K [0x00000000c0000000, 0x0000000100000000)
  region size 1024K, 30 young (30720K), 4 survivors (4096K)
 Metaspace       used 45210K, committed 45888K, reserved 1114112K
  class space    used 5492K, committed 5824K, reserved 1048576K
}

