# JRE version: OpenJDK Runtime Environment Temurin-20.0.2+9 (20.0.2+9) (build 20.0.2+9)
# Java VM: OpenJDK 64-Bit Server VM Temurin-20.0.2+9 (20.0.2+9, mixed mode, emulated-client, tiered, compressed oops, compressed class ptrs, g1 gc, windows-amd64)
GC Precious Log:
 CardTable entry size: 512
 Card Set container configuration: InlinePtr #cards 5 size 8 Array Of Cards #cards 12 size 40 Howl #buckets 4 coarsen threshold 1843 Howl Bitmap #cards 512 size 80 coarsen threshold 460 Card regions per heap region 1 cards per card region 2048
 CPUs: 12 total, 12 available
 Memory: 7860M
 Large Page Support: Disabled
 NUMA Support: Disabled
 Compressed Oops: Enabled (32-bit)
 Heap Region Size: 1M
 Heap Min Capacity: 8M
 Heap Initial Capacity: 124M
 Heap Max Capacity: 1G
 Pre-touch: Disabled
 Parallel Workers: 10
 Concurrent Workers: 3
 Concurrent Refinement Workers: 10
 Periodic GC: Disabled
Heap:
 garbage-first heap   total 140288K, used 84279K [0x00000000c0000000, 0x0000000100000000)
  region size 1024K, 4 young (4096K), 4 survivors (4096K)
 Metaspace       used 45971K, committed 46656K, reserved 1114112K
  class space    used 5587K, committed 5888K, reserved 1048576K
GC Heap History (20 events):
Event: 2.901 GC heap after
{Heap after GC invocations=9 (full 0):
 garbage-first heap   total 76800K, used 26102K [0x00000000c0000000, 0x0000000100000000)
  region size 1024K, 5 young (5120K), 5 survivors (5120K)
 Metaspace       used 41978K, committed 42624K, reserved 1114112K
  class space    used 5170K, committed 5440K, reserved 1048576K
}
Event: 3.005 GC heap before
{Heap before GC invocations=9 (full 0):
 garbage-first heap   total 76800K, used 60918K [0x00000000c0000000, 0x0000000100000000)
  region size 1024K, 40 young (40960K), 5 survivors (5120K)
 Metaspace       used 42143K, committed 42752K, reserved 1114112K
  class space    used 5202K, committed 5440K, reserved 1048576K
}
Event: 3.012 GC heap after
{Heap after GC invocations=10 (full 0):
 garbage-first heap   total 76800K, used 33371K [0x00000000c0000000, 0x0000000100000000)
  region size 1024K, 5 young (5120K), 5 survivors (5120K)
 Metaspace       used 42143K, committed 42752K, reserved 1114112K
  class space    used 5202K, committed 5440K, reserved 1048576K
}
Event: 3.100 GC heap before
{Heap before GC invocations=10 (full 0):
 garbage-first heap   total 76800K, used 61019K [0x00000000c0000000, 0x0000000100000000)
  region size 1024K, 33 young (33792K), 5 survivors (5120K)
 Metaspace       used 42824K, committed 43520K, reserved 1114112K
  class space    used 5291K, committed 5632K, reserved 1048576K
}
Event: 3.108 GC heap after
{Heap after GC invocations=11 (full 0):
 garbage-first heap   total 76800K, used 38893K [0x00000000c0000000, 0x0000000100000000)
  region size 1024K, 5 young (5120K), 5 survivors (5120K)
 Metaspace       used 42824K, committed 43520K, reserved 1114112K
  class space    used 5291K, committed 5632K, reserved 1048576K
}
Event: 3.173 GC heap before
{Heap before GC invocations=11 (full 0):
 garbage-first heap   total 76800K, used 63469K [0x00000000c0000000, 0x0000000100000000)
  region size 1024K, 29 young (29696K), 5 survivors (5120K)
 Metaspace       used 43247K, committed 43904K, reserved 1114112K
  class space    used 5338K, committed 5632K, reserved 1048576K
}
Event: 3.176 GC heap after
{Heap after GC invocations=12 (full 0):
 garbage-first heap   total 76800K, used 42077K [0x00000000c0000000, 0x0000000100000000)
  region size 1024K, 4 young (4096K), 4 survivors (4096K)
 Metaspace       used 43247K, committed 43904K, reserved 1114112K
  class space    used 5338K, committed 5632K, reserved 1048576K
}
Event: 3.229 GC heap before
{Heap before GC invocations=12 (full 0):
 garbage-first heap   total 76800K, used 64605K [0x00000000c0000000, 0x0000000100000000)
  region size 1024K, 26 young (26624K), 4 survivors (4096K)
 Metaspace       used 43863K, committed 44544K, reserved 1114112K
  class space    used 5400K, committed 5696K, reserved 1048576K
}
Event: 3.233 GC heap after
{Heap after GC invocations=13 (full 0):
 garbage-first heap   total 118784K, used 45245K [0x00000000c0000000, 0x0000000100000000)
  region size 1024K, 4 young (4096K), 4 survivors (4096K)
 Metaspace       used 43863K, committed 44544K, reserved 1114112K
  class space    used 5400K, committed 5696K, reserved 1048576K
}
Event: 3.350 GC heap before
{Heap before GC invocations=14 (full 0):
 garbage-first heap   total 118784K, used 95421K [0x00000000c0000000, 0x0000000100000000)
  region size 1024K, 54 young (55296K), 4 survivors (4096K)
 Metaspace       used 44852K, committed 45504K, reserved 1114112K
  class space    used 5456K, committed 5760K, reserved 1048576K
}
Event: 3.357 GC heap after
{Heap after GC invocations=15 (full 0):
 garbage-first heap   total 118784K, used 56048K [0x00000000c0000000, 0x0000000100000000)
  region size 1024K, 7 young (7168K), 7 survivors (7168K)
 Metaspace       used 44852K, committed 45504K, reserved 1114112K
  class space    used 5456K, committed 5760K, reserved 1048576K
}
Event: 3.439 GC heap before
{Heap before GC invocations=15 (full 0):
 garbage-first heap   total 118784K, used 97008K [0x00000000c0000000, 0x0000000100000000)
  region size 1024K, 47 young (48128K), 7 survivors (7168K)
 Metaspace       used 45601K, committed 46272K, reserved 1114112K
  class space    used 5529K, committed 5824K, reserved 1048576K
}
Event: 3.449 GC heap after
{Heap after GC invocations=16 (full 0):
 garbage-first heap   total 118784K, used 66089K [0x00000000c0000000, 0x0000000100000000)
  region size 1024K, 6 young (6144K), 6 survivors (6144K)
 Metaspace       used 45601K, committed 46272K, reserved 1114112K
  class space    used 5529K, committed 5824K, reserved 1048576K
}
Event: 3.481 GC heap before
{Heap before GC invocations=16 (full 0):
 garbage-first heap   total 118784K, used 80425K [0x00000000c0000000, 0x0000000100000000)
  region size 1024K, 22 young (22528K), 6 survivors (6144K)
 Metaspace       used 45648K, committed 46336K, reserved 1114112K
  class space    used 5536K, committed 5824K, reserved 1048576K
}
Event: 3.488 GC heap after
{Heap after GC invocations=17 (full 0):
 garbage-first heap   total 118784K, used 73073K [0x00000000c0000000, 0x0000000100000000)
  region size 1024K, 5 young (5120K), 5 survivors (5120K)
 Metaspace       used 45648K, committed 46336K, reserved 1114112K
  class space    used 5536K, committed 5824K, reserved 1048576K
}
Event: 3.566 GC heap before
{Heap before GC invocations=18 (full 0):
 garbage-first heap   total 140288K, used 96625K [0x00000000c0000000, 0x0000000100000000)
  region size 1024K, 29 young (29696K), 5 survivors (5120K)
 Metaspace       used 45930K, committed 46656K, reserved 1114112K
  class space    used 5581K, committed 5888K, reserved 1048576K
}
Event: 3.595 GC heap after
{Heap after GC invocations=19 (full 0):
 garbage-first heap   total 140288K, used 81499K [0x00000000c0000000, 0x0000000100000000)
  region size 1024K, 4 young (4096K), 4 survivors (4096K)
 Metaspace       used 45930K, committed 46656K, reserved 1114112K
  class space    used 5581K, committed 5888K, reserved 1048576K
}
Event: 3.611 GC heap before
{Heap before GC invocations=19 (full 0):
 garbage-first heap   total 140288K, used 110171K [0x00000000c0000000, 0x0000000100000000)
  region size 1024K, 33 young (33792K), 4 survivors (4096K)
 Metaspace       used 45949K, committed 46656K, reserved 1114112K
  class space    used 5582K, committed 5888K, reserved 1048576K
}
Event: 3.615 GC heap after
{Heap after GC invocations=20 (full 0):
 garbage-first heap   total 140288K, used 82622K [0x00000000c0000000, 0x0000000100000000)
  region size 1024K, 2 young (2048K), 2 survivors (2048K)
 Metaspace       used 45949K, committed 46656K, reserved 1114112K
  class space    used 5582K, committed 5888K, reserved 1048576K
}
Event: 3.625 GC heap before
{Heap before GC invocations=20 (full 0):
 garbage-first heap   total 140288K, used 113342K [0x00000000c0000000, 0x0000000100000000)
  region size 1024K, 33 young (33792K), 2 survivors (2048K)
 Metaspace       used 45971K, committed 46656K, reserved 1114112K
  class space    used 5587K, committed 5888K, reserved 1048576K
}

