# JRE version: OpenJDK Runtime Environment Temurin-20.0.2+9 (20.0.2+9) (build 20.0.2+9)
# Java VM: OpenJDK 64-Bit Server VM Temurin-20.0.2+9 (20.0.2+9, mixed mode, emulated-client, tiered, compressed oops, compressed class ptrs, g1 gc, windows-amd64)
GC Precious Log:
 CardTable entry size: 512
 Card Set container configuration: InlinePtr #cards 5 size 8 Array Of Cards #cards 12 size 40 Howl #buckets 4 coarsen threshold 1843 Howl Bitmap #cards 512 size 80 coarsen threshold 460 Card regions per heap region 1 cards per card region 2048
 CPUs: 12 total, 12 available
 Memory: 7860M
 Large Page Support: Disabled
 NUMA Support: Disabled
 Compressed Oops: Enabled (32-bit)
 Heap Region Size: 1M
 Heap Min Capacity: 8M
 Heap Initial Capacity: 124M
 Heap Max Capacity: 1G
 Pre-touch: Disabled
 Parallel Workers: 10
 Concurrent Workers: 3
 Concurrent Refinement Workers: 10
 Periodic GC: Disabled
Heap:
 garbage-first heap   total 181248K, used 53074K [0x00000000c0000000, 0x0000000100000000)
  region size 1024K, 1 young (1024K), 0 survivors (0K)
 Metaspace       used 69893K, committed 71616K, reserved 1114112K
  class space    used 8982K, committed 9600K, reserved 1048576K
GC Heap History (20 events):
Event: 374.798 GC heap after
{Heap after GC invocations=89 (full 29):
 garbage-first heap   total 181248K, used 53074K [0x00000000c0000000, 0x0000000100000000)
  region size 1024K, 0 young (0K), 0 survivors (0K)
 Metaspace       used 69893K, committed 71616K, reserved 1114112K
  class space    used 8982K, committed 9600K, reserved 1048576K
}
Event: 385.050 GC heap before
{Heap before GC invocations=89 (full 29):
 garbage-first heap   total 181248K, used 53074K [0x00000000c0000000, 0x0000000100000000)
  region size 1024K, 1 young (1024K), 0 survivors (0K)
 Metaspace       used 69893K, committed 71616K, reserved 1114112K
  class space    used 8982K, committed 9600K, reserved 1048576K
}
Event: 385.098 GC heap after
{Heap after GC invocations=90 (full 30):
 garbage-first heap   total 181248K, used 53074K [0x00000000c0000000, 0x0000000100000000)
  region size 1024K, 0 young (0K), 0 survivors (0K)
 Metaspace       used 69893K, committed 71616K, reserved 1114112K
  class space    used 8982K, committed 9600K, reserved 1048576K
}
Event: 395.430 GC heap before
{Heap before GC invocations=90 (full 30):
 garbage-first heap   total 181248K, used 53074K [0x00000000c0000000, 0x0000000100000000)
  region size 1024K, 1 young (1024K), 0 survivors (0K)
 Metaspace       used 69893K, committed 71616K, reserved 1114112K
  class space    used 8982K, committed 9600K, reserved 1048576K
}
Event: 395.491 GC heap after
{Heap after GC invocations=91 (full 31):
 garbage-first heap   total 181248K, used 53074K [0x00000000c0000000, 0x0000000100000000)
  region size 1024K, 0 young (0K), 0 survivors (0K)
 Metaspace       used 69893K, committed 71616K, reserved 1114112K
  class space    used 8982K, committed 9600K, reserved 1048576K
}
Event: 405.702 GC heap before
{Heap before GC invocations=91 (full 31):
 garbage-first heap   total 181248K, used 53074K [0x00000000c0000000, 0x0000000100000000)
  region size 1024K, 1 young (1024K), 0 survivors (0K)
 Metaspace       used 69893K, committed 71616K, reserved 1114112K
  class space    used 8982K, committed 9600K, reserved 1048576K
}
Event: 405.751 GC heap after
{Heap after GC invocations=92 (full 32):
 garbage-first heap   total 181248K, used 53074K [0x00000000c0000000, 0x0000000100000000)
  region size 1024K, 0 young (0K), 0 survivors (0K)
 Metaspace       used 69893K, committed 71616K, reserved 1114112K
  class space    used 8982K, committed 9600K, reserved 1048576K
}
Event: 415.931 GC heap before
{Heap before GC invocations=92 (full 32):
 garbage-first heap   total 181248K, used 53074K [0x00000000c0000000, 0x0000000100000000)
  region size 1024K, 1 young (1024K), 0 survivors (0K)
 Metaspace       used 69893K, committed 71616K, reserved 1114112K
  class space    used 8982K, committed 9600K, reserved 1048576K
}
Event: 415.978 GC heap after
{Heap after GC invocations=93 (full 33):
 garbage-first heap   total 181248K, used 53074K [0x00000000c0000000, 0x0000000100000000)
  region size 1024K, 0 young (0K), 0 survivors (0K)
 Metaspace       used 69893K, committed 71616K, reserved 1114112K
  class space    used 8982K, committed 9600K, reserved 1048576K
}
Event: 426.198 GC heap before
{Heap before GC invocations=93 (full 33):
 garbage-first heap   total 181248K, used 53074K [0x00000000c0000000, 0x0000000100000000)
  region size 1024K, 1 young (1024K), 0 survivors (0K)
 Metaspace       used 69893K, committed 71616K, reserved 1114112K
  class space    used 8982K, committed 9600K, reserved 1048576K
}
Event: 426.245 GC heap after
{Heap after GC invocations=94 (full 34):
 garbage-first heap   total 181248K, used 53074K [0x00000000c0000000, 0x0000000100000000)
  region size 1024K, 0 young (0K), 0 survivors (0K)
 Metaspace       used 69893K, committed 71616K, reserved 1114112K
  class space    used 8982K, committed 9600K, reserved 1048576K
}
Event: 436.446 GC heap before
{Heap before GC invocations=94 (full 34):
 garbage-first heap   total 181248K, used 53074K [0x00000000c0000000, 0x0000000100000000)
  region size 1024K, 1 young (1024K), 0 survivors (0K)
 Metaspace       used 69893K, committed 71616K, reserved 1114112K
  class space    used 8982K, committed 9600K, reserved 1048576K
}
Event: 436.495 GC heap after
{Heap after GC invocations=95 (full 35):
 garbage-first heap   total 181248K, used 53074K [0x00000000c0000000, 0x0000000100000000)
  region size 1024K, 0 young (0K), 0 survivors (0K)
 Metaspace       used 69893K, committed 71616K, reserved 1114112K
  class space    used 8982K, committed 9600K, reserved 1048576K
}
Event: 446.726 GC heap before
{Heap before GC invocations=95 (full 35):
 garbage-first heap   total 181248K, used 53074K [0x00000000c0000000, 0x0000000100000000)
  region size 1024K, 1 young (1024K), 0 survivors (0K)
 Metaspace       used 69893K, committed 71616K, reserved 1114112K
  class space    used 8982K, committed 9600K, reserved 1048576K
}
Event: 446.773 GC heap after
{Heap after GC invocations=96 (full 36):
 garbage-first heap   total 181248K, used 53074K [0x00000000c0000000, 0x0000000100000000)
  region size 1024K, 0 young (0K), 0 survivors (0K)
 Metaspace       used 69893K, committed 71616K, reserved 1114112K
  class space    used 8982K, committed 9600K, reserved 1048576K
}
Event: 457.026 GC heap before
{Heap before GC invocations=96 (full 36):
 garbage-first heap   total 181248K, used 53074K [0x00000000c0000000, 0x0000000100000000)
  region size 1024K, 1 young (1024K), 0 survivors (0K)
 Metaspace       used 69893K, committed 71616K, reserved 1114112K
  class space    used 8982K, committed 9600K, reserved 1048576K
}
Event: 457.072 GC heap after
{Heap after GC invocations=97 (full 37):
 garbage-first heap   total 181248K, used 53074K [0x00000000c0000000, 0x0000000100000000)
  region size 1024K, 0 young (0K), 0 survivors (0K)
 Metaspace       used 69893K, committed 71616K, reserved 1114112K
  class space    used 8982K, committed 9600K, reserved 1048576K
}
Event: 467.291 GC heap before
{Heap before GC invocations=97 (full 37):
 garbage-first heap   total 181248K, used 53074K [0x00000000c0000000, 0x0000000100000000)
  region size 1024K, 1 young (1024K), 0 survivors (0K)
 Metaspace       used 69893K, committed 71616K, reserved 1114112K
  class space    used 8982K, committed 9600K, reserved 1048576K
}
Event: 467.340 GC heap after
{Heap after GC invocations=98 (full 38):
 garbage-first heap   total 181248K, used 53074K [0x00000000c0000000, 0x0000000100000000)
  region size 1024K, 0 young (0K), 0 survivors (0K)
 Metaspace       used 69893K, committed 71616K, reserved 1114112K
  class space    used 8982K, committed 9600K, reserved 1048576K
}
Event: 477.495 GC heap before
{Heap before GC invocations=98 (full 38):
 garbage-first heap   total 181248K, used 53074K [0x00000000c0000000, 0x0000000100000000)
  region size 1024K, 1 young (1024K), 0 survivors (0K)
 Metaspace       used 69893K, committed 71616K, reserved 1114112K
  class space    used 8982K, committed 9600K, reserved 1048576K
}

