# JRE version: OpenJDK Runtime Environment Temurin-20.0.2+9 (20.0.2+9) (build 20.0.2+9)
# Java VM: OpenJDK 64-Bit Server VM Temurin-20.0.2+9 (20.0.2+9, mixed mode, emulated-client, tiered, compressed oops, compressed class ptrs, g1 gc, windows-amd64)
GC Precious Log:
 CardTable entry size: 512
 Card Set container configuration: InlinePtr #cards 5 size 8 Array Of Cards #cards 12 size 40 Howl #buckets 4 coarsen threshold 1843 Howl Bitmap #cards 512 size 80 coarsen threshold 460 Card regions per heap region 1 cards per card region 2048
 CPUs: 12 total, 12 available
 Memory: 7860M
 Large Page Support: Disabled
 NUMA Support: Disabled
 Compressed Oops: Enabled (32-bit)
 Heap Region Size: 1M
 Heap Min Capacity: 8M
 Heap Initial Capacity: 124M
 Heap Max Capacity: 1G
 Pre-touch: Disabled
 Parallel Workers: 10
 Concurrent Workers: 3
 Concurrent Refinement Workers: 10
 Periodic GC: Disabled
Heap:
 garbage-first heap   total 171008K, used 54499K [0x00000000c0000000, 0x0000000100000000)
  region size 1024K, 1 young (1024K), 0 survivors (0K)
 Metaspace       used 72060K, committed 73088K, reserved 1114112K
  class space    used 9285K, committed 9856K, reserved 1048576K
GC Heap History (20 events):
Event: 701.310 GC heap after
{Heap after GC invocations=101 (full 37):
 garbage-first heap   total 171008K, used 54493K [0x00000000c0000000, 0x0000000100000000)
  region size 1024K, 0 young (0K), 0 survivors (0K)
 Metaspace       used 72038K, committed 73088K, reserved 1114112K
  class space    used 9281K, committed 9856K, reserved 1048576K
}
Event: 711.575 GC heap before
{Heap before GC invocations=101 (full 37):
 garbage-first heap   total 171008K, used 54493K [0x00000000c0000000, 0x0000000100000000)
  region size 1024K, 1 young (1024K), 0 survivors (0K)
 Metaspace       used 72038K, committed 73088K, reserved 1114112K
  class space    used 9281K, committed 9856K, reserved 1048576K
}
Event: 711.623 GC heap after
{Heap after GC invocations=102 (full 38):
 garbage-first heap   total 171008K, used 54493K [0x00000000c0000000, 0x0000000100000000)
  region size 1024K, 0 young (0K), 0 survivors (0K)
 Metaspace       used 72038K, committed 73088K, reserved 1114112K
  class space    used 9281K, committed 9856K, reserved 1048576K
}
Event: 721.849 GC heap before
{Heap before GC invocations=102 (full 38):
 garbage-first heap   total 171008K, used 54493K [0x00000000c0000000, 0x0000000100000000)
  region size 1024K, 1 young (1024K), 0 survivors (0K)
 Metaspace       used 72038K, committed 73088K, reserved 1114112K
  class space    used 9281K, committed 9856K, reserved 1048576K
}
Event: 721.897 GC heap after
{Heap after GC invocations=103 (full 39):
 garbage-first heap   total 171008K, used 54493K [0x00000000c0000000, 0x0000000100000000)
  region size 1024K, 0 young (0K), 0 survivors (0K)
 Metaspace       used 72038K, committed 73088K, reserved 1114112K
  class space    used 9281K, committed 9856K, reserved 1048576K
}
Event: 742.294 GC heap before
{Heap before GC invocations=103 (full 39):
 garbage-first heap   total 171008K, used 54493K [0x00000000c0000000, 0x0000000100000000)
  region size 1024K, 1 young (1024K), 0 survivors (0K)
 Metaspace       used 72060K, committed 73088K, reserved 1114112K
  class space    used 9285K, committed 9856K, reserved 1048576K
}
Event: 742.391 GC heap after
{Heap after GC invocations=104 (full 40):
 garbage-first heap   total 171008K, used 54504K [0x00000000c0000000, 0x0000000100000000)
  region size 1024K, 0 young (0K), 0 survivors (0K)
 Metaspace       used 72060K, committed 73088K, reserved 1114112K
  class space    used 9285K, committed 9856K, reserved 1048576K
}
Event: 752.692 GC heap before
{Heap before GC invocations=104 (full 40):
 garbage-first heap   total 171008K, used 54504K [0x00000000c0000000, 0x0000000100000000)
  region size 1024K, 1 young (1024K), 0 survivors (0K)
 Metaspace       used 72060K, committed 73088K, reserved 1114112K
  class space    used 9285K, committed 9856K, reserved 1048576K
}
Event: 752.746 GC heap after
{Heap after GC invocations=105 (full 41):
 garbage-first heap   total 171008K, used 54499K [0x00000000c0000000, 0x0000000100000000)
  region size 1024K, 0 young (0K), 0 survivors (0K)
 Metaspace       used 72060K, committed 73088K, reserved 1114112K
  class space    used 9285K, committed 9856K, reserved 1048576K
}
Event: 762.993 GC heap before
{Heap before GC invocations=105 (full 41):
 garbage-first heap   total 171008K, used 54499K [0x00000000c0000000, 0x0000000100000000)
  region size 1024K, 1 young (1024K), 0 survivors (0K)
 Metaspace       used 72060K, committed 73088K, reserved 1114112K
  class space    used 9285K, committed 9856K, reserved 1048576K
}
Event: 763.046 GC heap after
{Heap after GC invocations=106 (full 42):
 garbage-first heap   total 171008K, used 54499K [0x00000000c0000000, 0x0000000100000000)
  region size 1024K, 0 young (0K), 0 survivors (0K)
 Metaspace       used 72060K, committed 73088K, reserved 1114112K
  class space    used 9285K, committed 9856K, reserved 1048576K
}
Event: 773.265 GC heap before
{Heap before GC invocations=106 (full 42):
 garbage-first heap   total 171008K, used 54499K [0x00000000c0000000, 0x0000000100000000)
  region size 1024K, 1 young (1024K), 0 survivors (0K)
 Metaspace       used 72060K, committed 73088K, reserved 1114112K
  class space    used 9285K, committed 9856K, reserved 1048576K
}
Event: 773.314 GC heap after
{Heap after GC invocations=107 (full 43):
 garbage-first heap   total 171008K, used 54499K [0x00000000c0000000, 0x0000000100000000)
  region size 1024K, 0 young (0K), 0 survivors (0K)
 Metaspace       used 72060K, committed 73088K, reserved 1114112K
  class space    used 9285K, committed 9856K, reserved 1048576K
}
Event: 783.539 GC heap before
{Heap before GC invocations=107 (full 43):
 garbage-first heap   total 171008K, used 54499K [0x00000000c0000000, 0x0000000100000000)
  region size 1024K, 1 young (1024K), 0 survivors (0K)
 Metaspace       used 72060K, committed 73088K, reserved 1114112K
  class space    used 9285K, committed 9856K, reserved 1048576K
}
Event: 783.585 GC heap after
{Heap after GC invocations=108 (full 44):
 garbage-first heap   total 171008K, used 54499K [0x00000000c0000000, 0x0000000100000000)
  region size 1024K, 0 young (0K), 0 survivors (0K)
 Metaspace       used 72060K, committed 73088K, reserved 1114112K
  class space    used 9285K, committed 9856K, reserved 1048576K
}
Event: 793.823 GC heap before
{Heap before GC invocations=108 (full 44):
 garbage-first heap   total 171008K, used 54499K [0x00000000c0000000, 0x0000000100000000)
  region size 1024K, 1 young (1024K), 0 survivors (0K)
 Metaspace       used 72060K, committed 73088K, reserved 1114112K
  class space    used 9285K, committed 9856K, reserved 1048576K
}
Event: 793.873 GC heap after
{Heap after GC invocations=109 (full 45):
 garbage-first heap   total 171008K, used 54499K [0x00000000c0000000, 0x0000000100000000)
  region size 1024K, 0 young (0K), 0 survivors (0K)
 Metaspace       used 72060K, committed 73088K, reserved 1114112K
  class space    used 9285K, committed 9856K, reserved 1048576K
}
Event: 804.085 GC heap before
{Heap before GC invocations=109 (full 45):
 garbage-first heap   total 171008K, used 54499K [0x00000000c0000000, 0x0000000100000000)
  region size 1024K, 1 young (1024K), 0 survivors (0K)
 Metaspace       used 72060K, committed 73088K, reserved 1114112K
  class space    used 9285K, committed 9856K, reserved 1048576K
}
Event: 804.135 GC heap after
{Heap after GC invocations=110 (full 46):
 garbage-first heap   total 171008K, used 54499K [0x00000000c0000000, 0x0000000100000000)
  region size 1024K, 0 young (0K), 0 survivors (0K)
 Metaspace       used 72060K, committed 73088K, reserved 1114112K
  class space    used 9285K, committed 9856K, reserved 1048576K
}
Event: 814.393 GC heap before
{Heap before GC invocations=110 (full 46):
 garbage-first heap   total 171008K, used 54499K [0x00000000c0000000, 0x0000000100000000)
  region size 1024K, 1 young (1024K), 0 survivors (0K)
 Metaspace       used 72060K, committed 73088K, reserved 1114112K
  class space    used 9285K, committed 9856K, reserved 1048576K
}

