# JRE version: OpenJDK Runtime Environment Temurin-20.0.2+9 (20.0.2+9) (build 20.0.2+9)
# Java VM: OpenJDK 64-Bit Server VM Temurin-20.0.2+9 (20.0.2+9, mixed mode, emulated-client, tiered, compressed oops, compressed class ptrs, g1 gc, windows-amd64)
GC Precious Log:
 CardTable entry size: 512
 Card Set container configuration: InlinePtr #cards 5 size 8 Array Of Cards #cards 12 size 40 Howl #buckets 4 coarsen threshold 1843 Howl Bitmap #cards 512 size 80 coarsen threshold 460 Card regions per heap region 1 cards per card region 2048
 CPUs: 12 total, 12 available
 Memory: 7860M
 Large Page Support: Disabled
 NUMA Support: Disabled
 Compressed Oops: Enabled (32-bit)
 Heap Region Size: 1M
 Heap Min Capacity: 8M
 Heap Initial Capacity: 124M
 Heap Max Capacity: 1G
 Pre-touch: Disabled
 Parallel Workers: 10
 Concurrent Workers: 3
 Concurrent Refinement Workers: 10
 Periodic GC: Disabled
Heap:
 garbage-first heap   total 147456K, used 83912K [0x00000000c0000000, 0x0000000100000000)
  region size 1024K, 4 young (4096K), 4 survivors (4096K)
 Metaspace       used 46021K, committed 46720K, reserved 1114112K
  class space    used 5591K, committed 5888K, reserved 1048576K
GC Heap History (20 events):
Event: 2.451 GC heap after
{Heap after GC invocations=10 (full 0):
 garbage-first heap   total 60416K, used 30003K [0x00000000c0000000, 0x0000000100000000)
  region size 1024K, 4 young (4096K), 4 survivors (4096K)
 Metaspace       used 42026K, committed 42624K, reserved 1114112K
  class space    used 5180K, committed 5440K, reserved 1048576K
}
Event: 2.492 GC heap before
{Heap before GC invocations=10 (full 0):
 garbage-first heap   total 60416K, used 47411K [0x00000000c0000000, 0x0000000100000000)
  region size 1024K, 22 young (22528K), 4 survivors (4096K)
 Metaspace       used 42154K, committed 42752K, reserved 1114112K
  class space    used 5206K, committed 5440K, reserved 1048576K
}
Event: 2.496 GC heap after
{Heap after GC invocations=11 (full 0):
 garbage-first heap   total 75776K, used 33992K [0x00000000c0000000, 0x0000000100000000)
  region size 1024K, 3 young (3072K), 3 survivors (3072K)
 Metaspace       used 42154K, committed 42752K, reserved 1114112K
  class space    used 5206K, committed 5440K, reserved 1048576K
}
Event: 2.575 GC heap before
{Heap before GC invocations=11 (full 0):
 garbage-first heap   total 75776K, used 59592K [0x00000000c0000000, 0x0000000100000000)
  region size 1024K, 29 young (29696K), 3 survivors (3072K)
 Metaspace       used 42749K, committed 43456K, reserved 1114112K
  class space    used 5287K, committed 5632K, reserved 1048576K
}
Event: 2.581 GC heap after
{Heap after GC invocations=12 (full 0):
 garbage-first heap   total 75776K, used 38820K [0x00000000c0000000, 0x0000000100000000)
  region size 1024K, 4 young (4096K), 4 survivors (4096K)
 Metaspace       used 42749K, committed 43456K, reserved 1114112K
  class space    used 5287K, committed 5632K, reserved 1048576K
}
Event: 2.636 GC heap before
{Heap before GC invocations=12 (full 0):
 garbage-first heap   total 75776K, used 62372K [0x00000000c0000000, 0x0000000100000000)
  region size 1024K, 27 young (27648K), 4 survivors (4096K)
 Metaspace       used 43210K, committed 43840K, reserved 1114112K
  class space    used 5335K, committed 5632K, reserved 1048576K
}
Event: 2.640 GC heap after
{Heap after GC invocations=13 (full 0):
 garbage-first heap   total 75776K, used 42559K [0x00000000c0000000, 0x0000000100000000)
  region size 1024K, 4 young (4096K), 4 survivors (4096K)
 Metaspace       used 43210K, committed 43840K, reserved 1114112K
  class space    used 5335K, committed 5632K, reserved 1048576K
}
Event: 2.696 GC heap before
{Heap before GC invocations=14 (full 0):
 garbage-first heap   total 86016K, used 62015K [0x00000000c0000000, 0x0000000100000000)
  region size 1024K, 24 young (24576K), 4 survivors (4096K)
 Metaspace       used 43801K, committed 44480K, reserved 1114112K
  class space    used 5389K, committed 5696K, reserved 1048576K
}
Event: 2.699 GC heap after
{Heap after GC invocations=15 (full 0):
 garbage-first heap   total 86016K, used 45070K [0x00000000c0000000, 0x0000000100000000)
  region size 1024K, 3 young (3072K), 3 survivors (3072K)
 Metaspace       used 43801K, committed 44480K, reserved 1114112K
  class space    used 5389K, committed 5696K, reserved 1048576K
}
Event: 2.737 GC heap before
{Heap before GC invocations=15 (full 0):
 garbage-first heap   total 86016K, used 71694K [0x00000000c0000000, 0x0000000100000000)
  region size 1024K, 30 young (30720K), 3 survivors (3072K)
 Metaspace       used 43946K, committed 44672K, reserved 1114112K
  class space    used 5411K, committed 5760K, reserved 1048576K
}
Event: 2.744 GC heap after
{Heap after GC invocations=16 (full 0):
 garbage-first heap   total 147456K, used 50842K [0x00000000c0000000, 0x0000000100000000)
  region size 1024K, 4 young (4096K), 4 survivors (4096K)
 Metaspace       used 43946K, committed 44672K, reserved 1114112K
  class space    used 5411K, committed 5760K, reserved 1048576K
}
Event: 2.877 GC heap before
{Heap before GC invocations=16 (full 0):
 garbage-first heap   total 147456K, used 119450K [0x00000000c0000000, 0x0000000100000000)
  region size 1024K, 71 young (72704K), 4 survivors (4096K)
 Metaspace       used 45439K, committed 46080K, reserved 1114112K
  class space    used 5508K, committed 5824K, reserved 1048576K
}
Event: 2.889 GC heap after
{Heap after GC invocations=17 (full 0):
 garbage-first heap   total 147456K, used 66982K [0x00000000c0000000, 0x0000000100000000)
  region size 1024K, 9 young (9216K), 9 survivors (9216K)
 Metaspace       used 45439K, committed 46080K, reserved 1114112K
  class space    used 5508K, committed 5824K, reserved 1048576K
}
Event: 2.907 GC heap before
{Heap before GC invocations=17 (full 0):
 garbage-first heap   total 147456K, used 78246K [0x00000000c0000000, 0x0000000100000000)
  region size 1024K, 21 young (21504K), 9 survivors (9216K)
 Metaspace       used 45635K, committed 46336K, reserved 1114112K
  class space    used 5532K, committed 5824K, reserved 1048576K
}
Event: 2.915 GC heap after
{Heap after GC invocations=18 (full 0):
 garbage-first heap   total 147456K, used 73016K [0x00000000c0000000, 0x0000000100000000)
  region size 1024K, 6 young (6144K), 6 survivors (6144K)
 Metaspace       used 45635K, committed 46336K, reserved 1114112K
  class space    used 5532K, committed 5824K, reserved 1048576K
}
Event: 3.011 GC heap before
{Heap before GC invocations=19 (full 0):
 garbage-first heap   total 147456K, used 111928K [0x00000000c0000000, 0x0000000100000000)
  region size 1024K, 45 young (46080K), 6 survivors (6144K)
 Metaspace       used 45909K, committed 46592K, reserved 1114112K
  class space    used 5577K, committed 5888K, reserved 1048576K
}
Event: 3.042 GC heap after
{Heap after GC invocations=20 (full 0):
 garbage-first heap   total 147456K, used 82096K [0x00000000c0000000, 0x0000000100000000)
  region size 1024K, 6 young (6144K), 6 survivors (6144K)
 Metaspace       used 45909K, committed 46592K, reserved 1114112K
  class space    used 5577K, committed 5888K, reserved 1048576K
}
Event: 3.081 GC heap before
{Heap before GC invocations=20 (full 0):
 garbage-first heap   total 147456K, used 115888K [0x00000000c0000000, 0x0000000100000000)
  region size 1024K, 40 young (40960K), 6 survivors (6144K)
 Metaspace       used 45952K, committed 46656K, reserved 1114112K
  class space    used 5587K, committed 5888K, reserved 1048576K
}
Event: 3.086 GC heap after
{Heap after GC invocations=21 (full 0):
 garbage-first heap   total 147456K, used 82424K [0x00000000c0000000, 0x0000000100000000)
  region size 1024K, 2 young (2048K), 2 survivors (2048K)
 Metaspace       used 45952K, committed 46656K, reserved 1114112K
  class space    used 5587K, committed 5888K, reserved 1048576K
}
Event: 3.114 GC heap before
{Heap before GC invocations=21 (full 0):
 garbage-first heap   total 147456K, used 116216K [0x00000000c0000000, 0x0000000100000000)
  region size 1024K, 37 young (37888K), 2 survivors (2048K)
 Metaspace       used 46021K, committed 46720K, reserved 1114112K
  class space    used 5591K, committed 5888K, reserved 1048576K
}

