# JRE version: OpenJDK Runtime Environment Temurin-20.0.2+9 (20.0.2+9) (build 20.0.2+9)
# Java VM: OpenJDK 64-Bit Server VM Temurin-20.0.2+9 (20.0.2+9, mixed mode, emulated-client, tiered, compressed oops, compressed class ptrs, g1 gc, windows-amd64)
GC Precious Log:
 CardTable entry size: 512
 Card Set container configuration: InlinePtr #cards 5 size 8 Array Of Cards #cards 12 size 40 Howl #buckets 4 coarsen threshold 1843 Howl Bitmap #cards 512 size 80 coarsen threshold 460 Card regions per heap region 1 cards per card region 2048
 CPUs: 12 total, 12 available
 Memory: 7860M
 Large Page Support: Disabled
 NUMA Support: Disabled
 Compressed Oops: Enabled (32-bit)
 Heap Region Size: 1M
 Heap Min Capacity: 8M
 Heap Initial Capacity: 124M
 Heap Max Capacity: 1G
 Pre-touch: Disabled
 Parallel Workers: 10
 Concurrent Workers: 3
 Concurrent Refinement Workers: 10
 Periodic GC: Disabled
Heap:
 garbage-first heap   total 129024K, used 85561K [0x00000000c0000000, 0x0000000100000000)
  region size 1024K, 3 young (3072K), 3 survivors (3072K)
 Metaspace       used 46584K, committed 47360K, reserved 1114112K
  class space    used 5660K, committed 6016K, reserved 1048576K
GC Heap History (20 events):
Event: 2.267 GC heap after
{Heap after GC invocations=9 (full 0):
 garbage-first heap   total 72704K, used 23479K [0x00000000c0000000, 0x0000000100000000)
  region size 1024K, 4 young (4096K), 4 survivors (4096K)
 Metaspace       used 40812K, committed 41408K, reserved 1114112K
  class space    used 4976K, committed 5248K, reserved 1048576K
}
Event: 2.480 GC heap before
{Heap before GC invocations=9 (full 0):
 garbage-first heap   total 72704K, used 56247K [0x00000000c0000000, 0x0000000100000000)
  region size 1024K, 37 young (37888K), 4 survivors (4096K)
 Metaspace       used 41994K, committed 42560K, reserved 1114112K
  class space    used 5172K, committed 5440K, reserved 1048576K
}
Event: 2.490 GC heap after
{Heap after GC invocations=10 (full 0):
 garbage-first heap   total 72704K, used 30720K [0x00000000c0000000, 0x0000000100000000)
  region size 1024K, 5 young (5120K), 5 survivors (5120K)
 Metaspace       used 41994K, committed 42560K, reserved 1114112K
  class space    used 5172K, committed 5440K, reserved 1048576K
}
Event: 2.565 GC heap before
{Heap before GC invocations=10 (full 0):
 garbage-first heap   total 72704K, used 57344K [0x00000000c0000000, 0x0000000100000000)
  region size 1024K, 32 young (32768K), 5 survivors (5120K)
 Metaspace       used 42140K, committed 42752K, reserved 1114112K
  class space    used 5199K, committed 5440K, reserved 1048576K
}
Event: 2.571 GC heap after
{Heap after GC invocations=11 (full 0):
 garbage-first heap   total 72704K, used 36692K [0x00000000c0000000, 0x0000000100000000)
  region size 1024K, 4 young (4096K), 4 survivors (4096K)
 Metaspace       used 42140K, committed 42752K, reserved 1114112K
  class space    used 5199K, committed 5440K, reserved 1048576K
}
Event: 2.689 GC heap before
{Heap before GC invocations=11 (full 0):
 garbage-first heap   total 72704K, used 58196K [0x00000000c0000000, 0x0000000100000000)
  region size 1024K, 26 young (26624K), 4 survivors (4096K)
 Metaspace       used 42812K, committed 43520K, reserved 1114112K
  class space    used 5300K, committed 5632K, reserved 1048576K
}
Event: 2.695 GC heap after
{Heap after GC invocations=12 (full 0):
 garbage-first heap   total 72704K, used 40844K [0x00000000c0000000, 0x0000000100000000)
  region size 1024K, 4 young (4096K), 4 survivors (4096K)
 Metaspace       used 42812K, committed 43520K, reserved 1114112K
  class space    used 5300K, committed 5632K, reserved 1048576K
}
Event: 2.815 GC heap before
{Heap before GC invocations=13 (full 0):
 garbage-first heap   total 80896K, used 59276K [0x00000000c0000000, 0x0000000100000000)
  region size 1024K, 23 young (23552K), 4 survivors (4096K)
 Metaspace       used 43148K, committed 43840K, reserved 1114112K
  class space    used 5329K, committed 5632K, reserved 1048576K
}
Event: 2.820 GC heap after
{Heap after GC invocations=14 (full 0):
 garbage-first heap   total 80896K, used 43548K [0x00000000c0000000, 0x0000000100000000)
  region size 1024K, 3 young (3072K), 3 survivors (3072K)
 Metaspace       used 43148K, committed 43840K, reserved 1114112K
  class space    used 5329K, committed 5632K, reserved 1048576K
}
Event: 2.892 GC heap before
{Heap before GC invocations=14 (full 0):
 garbage-first heap   total 80896K, used 67100K [0x00000000c0000000, 0x0000000100000000)
  region size 1024K, 27 young (27648K), 3 survivors (3072K)
 Metaspace       used 43600K, committed 44288K, reserved 1114112K
  class space    used 5369K, committed 5696K, reserved 1048576K
}
Event: 2.896 GC heap after
{Heap after GC invocations=15 (full 0):
 garbage-first heap   total 119808K, used 45910K [0x00000000c0000000, 0x0000000100000000)
  region size 1024K, 4 young (4096K), 4 survivors (4096K)
 Metaspace       used 43600K, committed 44288K, reserved 1114112K
  class space    used 5369K, committed 5696K, reserved 1048576K
}
Event: 3.024 GC heap before
{Heap before GC invocations=15 (full 0):
 garbage-first heap   total 119808K, used 97110K [0x00000000c0000000, 0x0000000100000000)
  region size 1024K, 55 young (56320K), 4 survivors (4096K)
 Metaspace       used 44694K, committed 45376K, reserved 1114112K
  class space    used 5446K, committed 5760K, reserved 1048576K
}
Event: 3.031 GC heap after
{Heap after GC invocations=16 (full 0):
 garbage-first heap   total 119808K, used 56764K [0x00000000c0000000, 0x0000000100000000)
  region size 1024K, 7 young (7168K), 7 survivors (7168K)
 Metaspace       used 44694K, committed 45376K, reserved 1114112K
  class space    used 5446K, committed 5760K, reserved 1048576K
}
Event: 3.100 GC heap before
{Heap before GC invocations=16 (full 0):
 garbage-first heap   total 119808K, used 83388K [0x00000000c0000000, 0x0000000100000000)
  region size 1024K, 35 young (35840K), 7 survivors (7168K)
 Metaspace       used 45260K, committed 45952K, reserved 1114112K
  class space    used 5492K, committed 5824K, reserved 1048576K
}
Event: 3.108 GC heap after
{Heap after GC invocations=17 (full 0):
 garbage-first heap   total 119808K, used 63709K [0x00000000c0000000, 0x0000000100000000)
  region size 1024K, 6 young (6144K), 6 survivors (6144K)
 Metaspace       used 45260K, committed 45952K, reserved 1114112K
  class space    used 5492K, committed 5824K, reserved 1048576K
}
Event: 3.263 GC heap before
{Heap before GC invocations=18 (full 0):
 garbage-first heap   total 124928K, used 102621K [0x00000000c0000000, 0x0000000100000000)
  region size 1024K, 43 young (44032K), 6 survivors (6144K)
 Metaspace       used 46559K, committed 47360K, reserved 1114112K
  class space    used 5656K, committed 6016K, reserved 1048576K
}
Event: 3.305 GC heap after
{Heap after GC invocations=19 (full 0):
 garbage-first heap   total 126976K, used 82944K [0x00000000c0000000, 0x0000000100000000)
  region size 1024K, 6 young (6144K), 6 survivors (6144K)
 Metaspace       used 46559K, committed 47360K, reserved 1114112K
  class space    used 5656K, committed 6016K, reserved 1048576K
}
Event: 3.319 GC heap before
{Heap before GC invocations=19 (full 0):
 garbage-first heap   total 126976K, used 106496K [0x00000000c0000000, 0x0000000100000000)
  region size 1024K, 30 young (30720K), 6 survivors (6144K)
 Metaspace       used 46575K, committed 47360K, reserved 1114112K
  class space    used 5659K, committed 6016K, reserved 1048576K
}
Event: 3.325 GC heap after
{Heap after GC invocations=20 (full 0):
 garbage-first heap   total 126976K, used 84985K [0x00000000c0000000, 0x0000000100000000)
  region size 1024K, 2 young (2048K), 2 survivors (2048K)
 Metaspace       used 46575K, committed 47360K, reserved 1114112K
  class space    used 5659K, committed 6016K, reserved 1048576K
}
Event: 3.337 GC heap before
{Heap before GC invocations=20 (full 0):
 garbage-first heap   total 126976K, used 109561K [0x00000000c0000000, 0x0000000100000000)
  region size 1024K, 27 young (27648K), 2 survivors (2048K)
 Metaspace       used 46584K, committed 47360K, reserved 1114112K
  class space    used 5660K, committed 6016K, reserved 1048576K
}

